<?xml version="1.0" encoding="UTF-8"?>
<!-- Generated by org.testng.reporters.JUnitReportReporter -->
<testsuite hostname="lotus-pc" failures="0" tests="1" name="test.Datastore" time="1.926" errors="0" timestamp="02 Mar 2023 07:21:40 GMT" skipped="0">
  <testcase classname="test.Datastore" name="TC_02_create_and_update_created_item" time="1.926"/>
</testsuite> <!-- test.Datastore -->
