<?xml version="1.0" encoding="UTF-8"?>
<!-- Generated by org.testng.reporters.JUnitReportReporter -->
<testsuite hostname="lotus-pc" failures="0" tests="4" name="test.Datastore" time="13.416" errors="0" timestamp="10 Mar 2023 02:30:02 GMT" skipped="0">
  <testcase classname="test.Datastore" name="TC_03_delete_created_item" time="2.341"/>
  <testcase classname="test.Datastore" name="TC_04_creat_new_group_and_add_new_user_to_group" time="2.975"/>
  <testcase classname="test.Datastore" name="TC_01_create_new_datastore_from_template" time="5.111"/>
  <testcase classname="test.Datastore" name="TC_02_create_and_update_created_item" time="2.989"/>
</testsuite> <!-- test.Datastore -->
