<?xml version="1.0" encoding="UTF-8"?>
<!-- Generated by org.testng.reporters.JUnitReportReporter -->
<testsuite hostname="lotus-pc" failures="0" tests="1" name="test.Datastore" time="3.606" errors="0" timestamp="03 Mar 2023 02:46:13 GMT" skipped="0">
  <testcase classname="test.Datastore" name="TC_01_create_new_datastore_from_template" time="3.606"/>
</testsuite> <!-- test.Datastore -->
